<?xml version="1.0" encoding="UTF-8"?>
<testsuite xmlns:xsi="http://www.w3.org/2001/XMLSchema-instance" xsi:noNamespaceSchemaLocation="https://maven.apache.org/surefire/maven-surefire-plugin/xsd/surefire-test-report-3.0.xsd" version="3.0" name="com.ssafy.PROJ.AppTest" time="0.034" tests="1" errors="0" skipped="0" failures="0">
  <properties>
    <property name="java.specification.version" value="17"/>
    <property name="sun.cpu.isalist" value="amd64"/>
    <property name="sun.jnu.encoding" value="MS949"/>
    <property name="java.class.path" value="C:\Users\Zoe_Lowell\Documents\GitHub\ssafy_home\project_achive\target\test-classes;C:\Users\Zoe_Lowell\Documents\GitHub\ssafy_home\project_achive\target\classes;C:\Users\Zoe_Lowell\.m2\repository\junit\junit\3.8.1\junit-3.8.1.jar;C:\Users\Zoe_Lowell\.m2\repository\jakarta\servlet\jakarta.servlet-api\6.0.0\jakarta.servlet-api-6.0.0.jar;C:\Users\Zoe_Lowell\.m2\repository\jakarta\servlet\jsp\jakarta.servlet.jsp-api\4.0.0\jakarta.servlet.jsp-api-4.0.0.jar;C:\Users\Zoe_Lowell\.m2\repository\com\mysql\mysql-connector-j\8.4.0\mysql-connector-j-8.4.0.jar;C:\Users\Zoe_Lowell\.m2\repository\com\google\protobuf\protobuf-java\3.25.1\protobuf-java-3.25.1.jar;C:\Users\Zoe_Lowell\.m2\repository\org\glassfish\web\jakarta.servlet.jsp.jstl\3.0.1\jakarta.servlet.jsp.jstl-3.0.1.jar;C:\Users\Zoe_Lowell\.m2\repository\jakarta\servlet\jsp\jstl\jakarta.servlet.jsp.jstl-api\3.0.1\jakarta.servlet.jsp.jstl-api-3.0.1.jar;C:\Users\Zoe_Lowell\.m2\repository\jakarta\el\jakarta.el-api\5.0.0\jakarta.el-api-5.0.0.jar;C:\Users\Zoe_Lowell\.m2\repository\com\fasterxml\jackson\core\jackson-databind\2.18.2\jackson-databind-2.18.2.jar;C:\Users\Zoe_Lowell\.m2\repository\com\fasterxml\jackson\core\jackson-annotations\2.18.2\jackson-annotations-2.18.2.jar;C:\Users\Zoe_Lowell\.m2\repository\com\fasterxml\jackson\core\jackson-core\2.18.2\jackson-core-2.18.2.jar;C:\Users\Zoe_Lowell\.m2\repository\com\zaxxer\HikariCP\6.2.1\HikariCP-6.2.1.jar;C:\Users\Zoe_Lowell\.m2\repository\org\slf4j\slf4j-api\1.7.36\slf4j-api-1.7.36.jar;"/>
    <property name="java.vm.vendor" value="BellSoft"/>
    <property name="sun.arch.data.model" value="64"/>
    <property name="user.variant" value=""/>
    <property name="java.vendor.url" value="https://bell-sw.com/"/>
    <property name="user.timezone" value="Asia/Seoul"/>
    <property name="os.name" value="Windows 11"/>
    <property name="java.vm.specification.version" value="17"/>
    <property name="sun.java.launcher" value="SUN_STANDARD"/>
    <property name="user.country" value="KR"/>
    <property name="sun.boot.library.path" value="C:\Program Files\BellSoft\LibericaJDK-17\bin"/>
    <property name="sun.java.command" value="C:\Users\Zoe_Lowell\AppData\Local\Temp\surefire2187822543599595300\surefirebooter-20250411104546062_3.jar C:\Users\Zoe_Lowell\AppData\Local\Temp\surefire2187822543599595300 2025-04-11T10-45-45_766-jvmRun1 surefire-20250411104546062_1tmp surefire_0-20250411104546062_2tmp"/>
    <property name="jdk.debug" value="release"/>
    <property name="surefire.test.class.path" value="C:\Users\Zoe_Lowell\Documents\GitHub\ssafy_home\project_achive\target\test-classes;C:\Users\Zoe_Lowell\Documents\GitHub\ssafy_home\project_achive\target\classes;C:\Users\Zoe_Lowell\.m2\repository\junit\junit\3.8.1\junit-3.8.1.jar;C:\Users\Zoe_Lowell\.m2\repository\jakarta\servlet\jakarta.servlet-api\6.0.0\jakarta.servlet-api-6.0.0.jar;C:\Users\Zoe_Lowell\.m2\repository\jakarta\servlet\jsp\jakarta.servlet.jsp-api\4.0.0\jakarta.servlet.jsp-api-4.0.0.jar;C:\Users\Zoe_Lowell\.m2\repository\com\mysql\mysql-connector-j\8.4.0\mysql-connector-j-8.4.0.jar;C:\Users\Zoe_Lowell\.m2\repository\com\google\protobuf\protobuf-java\3.25.1\protobuf-java-3.25.1.jar;C:\Users\Zoe_Lowell\.m2\repository\org\glassfish\web\jakarta.servlet.jsp.jstl\3.0.1\jakarta.servlet.jsp.jstl-3.0.1.jar;C:\Users\Zoe_Lowell\.m2\repository\jakarta\servlet\jsp\jstl\jakarta.servlet.jsp.jstl-api\3.0.1\jakarta.servlet.jsp.jstl-api-3.0.1.jar;C:\Users\Zoe_Lowell\.m2\repository\jakarta\el\jakarta.el-api\5.0.0\jakarta.el-api-5.0.0.jar;C:\Users\Zoe_Lowell\.m2\repository\com\fasterxml\jackson\core\jackson-databind\2.18.2\jackson-databind-2.18.2.jar;C:\Users\Zoe_Lowell\.m2\repository\com\fasterxml\jackson\core\jackson-annotations\2.18.2\jackson-annotations-2.18.2.jar;C:\Users\Zoe_Lowell\.m2\repository\com\fasterxml\jackson\core\jackson-core\2.18.2\jackson-core-2.18.2.jar;C:\Users\Zoe_Lowell\.m2\repository\com\zaxxer\HikariCP\6.2.1\HikariCP-6.2.1.jar;C:\Users\Zoe_Lowell\.m2\repository\org\slf4j\slf4j-api\1.7.36\slf4j-api-1.7.36.jar;"/>
    <property name="sun.cpu.endian" value="little"/>
    <property name="user.home" value="C:\Users\Zoe_Lowell"/>
    <property name="user.language" value="ko"/>
    <property name="java.specification.vendor" value="Oracle Corporation"/>
    <property name="java.version.date" value="2025-01-21"/>
    <property name="java.home" value="C:\Program Files\BellSoft\LibericaJDK-17"/>
    <property name="file.separator" value="\"/>
    <property name="basedir" value="C:\Users\Zoe_Lowell\Documents\GitHub\ssafy_home\project_achive"/>
    <property name="java.vm.compressedOopsMode" value="Zero based"/>
    <property name="line.separator" value="&#10;"/>
    <property name="java.vm.specification.vendor" value="Oracle Corporation"/>
    <property name="java.specification.name" value="Java Platform API Specification"/>
    <property name="surefire.real.class.path" value="C:\Users\Zoe_Lowell\AppData\Local\Temp\surefire2187822543599595300\surefirebooter-20250411104546062_3.jar"/>
    <property name="user.script" value=""/>
    <property name="sun.management.compiler" value="HotSpot 64-Bit Tiered Compilers"/>
    <property name="java.runtime.version" value="17.0.14+10-LTS"/>
    <property name="user.name" value="Zoe_Lowell"/>
    <property name="path.separator" value=";"/>
    <property name="os.version" value="10.0"/>
    <property name="java.runtime.name" value="OpenJDK Runtime Environment"/>
    <property name="file.encoding" value="MS949"/>
    <property name="java.vm.name" value="OpenJDK 64-Bit Server VM"/>
    <property name="localRepository" value="C:\Users\Zoe_Lowell\.m2\repository"/>
    <property name="java.vendor.url.bug" value="https://bell-sw.com/support"/>
    <property name="java.io.tmpdir" value="C:\Users\ZOE_LO~1\AppData\Local\Temp\"/>
    <property name="java.version" value="17.0.14"/>
    <property name="user.dir" value="C:\Users\Zoe_Lowell\Documents\GitHub\ssafy_home\project_achive"/>
    <property name="os.arch" value="amd64"/>
    <property name="java.vm.specification.name" value="Java Virtual Machine Specification"/>
    <property name="sun.os.patch.level" value=""/>
    <property name="native.encoding" value="MS949"/>
    <property name="java.library.path" value="C:\Program Files\BellSoft\LibericaJDK-17\bin;C:\WINDOWS\Sun\Java\bin;C:\WINDOWS\system32;C:\WINDOWS;C:\Program Files\BellSoft\LibericaJDK-17\bin\;C:\Program Files\BellSoft\LibericaJDK-11\bin\;C:\Program Files (x86)\VMware\VMware Workstation\bin\;C:\WINDOWS\system32;C:\WINDOWS;C:\WINDOWS\System32\Wbem;C:\WINDOWS\System32\WindowsPowerShell\v1.0\;C:\WINDOWS\System32\OpenSSH\;C:\Languages\nodejs\;C:\ProgramData\chocolatey\bin;C:\Program Files\Git\cmd;C:\Program Files\Bandizip\;C:\apache-maven-3.9.9\bin;C:\Program Files\MySQL\MySQL Shell 8.0\bin\;C:\Users\Zoe_Lowell\AppData\Local\Programs\Python\Python311\Scripts\;C:\Users\Zoe_Lowell\AppData\Local\Microsoft\WindowsApps;C:\Users\Zoe_Lowell\AppData\Local\GitHubDesktop\bin;C:\Users\Zoe_Lowell\AppData\Local\Programs\Microsoft VS Code\bin;C:\Users\Zoe_Lowell\AppData\Roaming\npm;C:\Program Files\OpenSSL-Win64\bin;;."/>
    <property name="java.vm.info" value="mixed mode, sharing"/>
    <property name="java.vendor" value="BellSoft"/>
    <property name="java.vm.version" value="17.0.14+10-LTS"/>
    <property name="java.specification.maintenance.version" value="1"/>
    <property name="sun.io.unicode.encoding" value="UnicodeLittle"/>
    <property name="java.class.version" value="61.0"/>
  </properties>
  <testcase name="testApp" classname="com.ssafy.PROJ.AppTest" time="0.002"/>
</testsuite>